<?xml version="1.0" encoding="UTF-8"?>
<testng-results ignored="0" total="1" passed="1" failed="0" skipped="0">
  <reporter-output>
  </reporter-output>
  <suite started-at="2022-02-10T17:19:56 IST" name="Default suite" finished-at="2022-02-10T17:20:04 IST" duration-ms="7379">
    <groups>
    </groups>
    <test started-at="2022-02-10T17:19:56 IST" name="Default test" finished-at="2022-02-10T17:20:04 IST" duration-ms="7379">
      <class name="LoginTest.loginSelectLargestPriceWithJavaScript">
        <test-method signature="userlogin()[pri:0, instance:LoginTest.loginSelectLargestPriceWithJavaScript@39529185]" started-at="2022-02-10T17:19:56 IST" name="userlogin" finished-at="2022-02-10T17:20:04 IST" duration-ms="7301" status="PASS">
          <reporter-output>
          </reporter-output>
        </test-method> <!-- userlogin -->
      </class> <!-- LoginTest.loginSelectLargestPriceWithJavaScript -->
    </test> <!-- Default test -->
  </suite> <!-- Default suite -->
</testng-results>
