<?xml version="1.0" encoding="UTF-8"?>
<testng-results ignored="0" total="1" passed="1" failed="0" skipped="0">
  <reporter-output>
  </reporter-output>
  <suite started-at="2022-02-10T09:58:36 IST" name="Default suite" finished-at="2022-02-10T09:58:47 IST" duration-ms="10971">
    <groups>
    </groups>
    <test started-at="2022-02-10T09:58:36 IST" name="Default test" finished-at="2022-02-10T09:58:47 IST" duration-ms="10971">
      <class name="LoginTest.login">
        <test-method signature="userlogin()[pri:0, instance:LoginTest.login@1cbbffcd]" started-at="2022-02-10T09:58:36 IST" name="userlogin" finished-at="2022-02-10T09:58:47 IST" duration-ms="10878" status="PASS">
          <reporter-output>
          </reporter-output>
        </test-method> <!-- userlogin -->
      </class> <!-- LoginTest.login -->
    </test> <!-- Default test -->
  </suite> <!-- Default suite -->
</testng-results>
